identifier -> (65, 0)
18 -> -1
1 -> -1
17 -> -1
identifier -> (20, 0)
18 -> -1
1 -> -1
17 -> -1
identifier -> (19, 0)
18 -> -1
1 -> -1
17 -> -1
identifier -> (14, 0)
18 -> -1
1 -> -1
17 -> -1
identifier -> 19
25 -> -1
const -> (61, 0)
17 -> -1
4 -> -1
11 -> -1
const -> (32, 0)
12 -> -1
17 -> -1
3 -> -1
11 -> -1
identifier -> 65
12 -> -1
17 -> -1
8 -> -1
11 -> -1
identifier -> 20
25 -> -1
const -> 61
17 -> -1
identifier -> 20
26 -> -1
identifier -> 65
17 -> -1
identifier -> 20
25 -> -1
identifier -> 20
21 -> -1
const -> (17, 0)
12 -> -1
15 -> -1
4 -> -1
11 -> -1
const -> (61, 1)
12 -> -1
17 -> -1
3 -> -1
11 -> -1
identifier -> 14
12 -> -1
17 -> -1
identifier -> 19
25 -> -1
identifier -> 19
21 -> -1
identifier -> 14
17 -> -1
16 -> -1
4 -> -1
11 -> -1
const -> (2, 0)
12 -> -1
17 -> -1
4 -> -1
11 -> -1
identifier -> 19
12 -> -1
17 -> -1
