identifier --> (2,0)
= --> (-1,-1)
integer_constant --> (3,0)
\n --> (-1,-1)
identifier --> (3,1)
= --> (-1,-1)
integer_constant --> (3,1)
\n --> (-1,-1)
identifier --> (4,0)
= --> (-1,-1)
integer_constant --> (5,0)
\n --> (-1,-1)
if --> (-1,-1)
( --> (-1,-1)
identifier --> (2,0)
< --> (-1,-1)
identifier --> (3,0)
) --> (-1,-1)
\n --> (-1,-1)
# --> (-1,-1)
\n --> (-1,-1)
identifier --> (9,0)
= --> (-1,-1)
identifier --> (2,0)
\n --> (-1,-1)
# --> (-1,-1)
\n --> (-1,-1)
if --> (-1,-1)
( --> (-1,-1)
identifier --> (9,0)
> --> (-1,-1)
identifier --> (4,0)
) --> (-1,-1)
\n --> (-1,-1)
# --> (-1,-1)
\n --> (-1,-1)
identifier --> (9,0)
= --> (-1,-1)
identifier --> (4,0)
\n --> (-1,-1)
# --> (-1,-1)
\n --> (-1,-1)
--> --> (-1,-1)
( --> (-1,-1)
identifier --> (9,0)
) --> (-1,-1)
\n --> (-1,-1)
